#
# There is insufficient memory for the Java Runtime Environment to continue.
# Native memory allocation (malloc) failed to allocate 1048576 bytes. Error detail: AllocateHeap
# Possible reasons:
#   The system is out of physical RAM or swap space
#   This process is running with CompressedOops enabled, and the Java Heap may be blocking the growth of the native heap
# Possible solutions:
#   Reduce memory load on the system
#   Increase physical memory or swap space
#   Check if swap backing store is full
#   Decrease Java heap size (-Xmx/-Xms)
#   Decrease number of Java threads
#   Decrease Java thread stack sizes (-Xss)
#   Set larger code cache with -XX:ReservedCodeCacheSize=
#   JVM is running with Unscaled Compressed Oops mode in which the Java heap is
#     placed in the first 4GB address space. The Java Heap base address is the
#     maximum limit for the native heap growth. Please use -XX:HeapBaseMinAddress
#     to set the Java Heap base and to place the Java Heap above 4GB virtual address.
# This output file may be truncated or incomplete.
#
#  Out of Memory Error (allocation.cpp:44), pid=11224, tid=25128
#
# JRE version: OpenJDK Runtime Environment Temurin-17.0.11+9 (17.0.11+9) (build 17.0.11+9)
# Java VM: OpenJDK 64-Bit Server VM Temurin-17.0.11+9 (17.0.11+9, mixed mode, emulated-client, tiered, compressed oops, compressed class ptrs, g1 gc, windows-amd64)
# No core dump will be written. Minidumps are not enabled by default on client versions of Windows
#

---------------  S U M M A R Y ------------

Command Line: -Xmx1024m -Dsts.lsp.client=vscode -Dsts.log.file=/dev/null -XX:TieredStopAtLevel=1 -Xlog:jni+resolve=off -Dspring.config.location=file:c:\Users\saher\.vscode\extensions\vmware.vscode-spring-boot-1.55.1\language-server\BOOT-INF\classes\application.properties org.springframework.ide.vscode.boot.app.BootLanguageServerBootApp

Host: 12th Gen Intel(R) Core(TM) i7-12700H, 20 cores, 15G,  Windows 11 , 64 bit Build 22621 (10.0.22621.3672)
Time: Thu Jul 11 05:02:03 2024 Egypt Daylight Time elapsed time: 12430.002721 seconds (0d 3h 27m 10s)

---------------  T H R E A D  ---------------

Current thread (0x000001bfd706f550):  VMThread "VM Thread" [stack: 0x0000005043d00000,0x0000005043e00000] [id=25128]

Stack: [0x0000005043d00000,0x0000005043e00000]
Native frames: (J=compiled Java code, j=interpreted, Vv=VM code, C=native code)
V  [jvm.dll+0x67d429]
V  [jvm.dll+0x834b7a]
V  [jvm.dll+0x83663e]
V  [jvm.dll+0x836ca3]
V  [jvm.dll+0x247dbf]
V  [jvm.dll+0xa6cb3]
V  [jvm.dll+0x2f8ad3]
V  [jvm.dll+0x2f4750]
V  [jvm.dll+0x2dcf67]
V  [jvm.dll+0x31fb67]
V  [jvm.dll+0x83b19b]
V  [jvm.dll+0x83bed2]
V  [jvm.dll+0x83c3ed]
V  [jvm.dll+0x83c7c4]
V  [jvm.dll+0x83c890]
V  [jvm.dll+0x7e410a]
V  [jvm.dll+0x67c315]
C  [ucrtbase.dll+0x29333]
C  [KERNEL32.DLL+0x1257d]
C  [ntdll.dll+0x5af28]

VM_Operation (0x00000050461fe8d0): G1CollectFull, mode: safepoint, requested by thread 0x000001bfdce21260


---------------  P R O C E S S  ---------------

Threads class SMR info:
_java_thread_list=0x000001bfdd9628d0, length=56, elements={
0x000001bfd7086380, 0x000001bfd7087200, 0x000001bfd70be660, 0x000001bfd70bf3f0,
0x000001bfd70c2ce0, 0x000001bfd70c39b0, 0x000001bfd70c4330, 0x000001bfd70c5050,
0x000001bfd72e3aa0, 0x000001bfd72f29e0, 0x000001bfdce3b5f0, 0x000001bfdce21260,
0x000001bfdce22b50, 0x000001bfcb2b6ee0, 0x000001bfdce9c490, 0x000001bfdcf05ca0,
0x000001bfdce0eaa0, 0x000001bfdce10e10, 0x000001bfdce11320, 0x000001bfdce0efb0,
0x000001bfdce0e590, 0x000001bfdce0f9d0, 0x000001bfdce0fee0, 0x000001bfdce11830,
0x000001bfdce0e080, 0x000001bfd7262330, 0x000001bfd7268360, 0x000001bfd7268870,
0x000001bfd7264190, 0x000001bfd7268d80, 0x000001bfd7261910, 0x000001bfd72646a0,
0x000001bfd72655d0, 0x000001bfd7261e20, 0x000001bfd7267e50, 0x000001bfd7263770,
0x000001bfd7263260, 0x000001bfd7265ae0, 0x000001bfd7266f20, 0x000001bfd7265ff0,
0x000001bfddb10b60, 0x000001bfddb0d3b0, 0x000001bfddb129c0, 0x000001bfddb0bf70,
0x000001bfddb138f0, 0x000001bfddb0c480, 0x000001bfddb0f210, 0x000001bfddb0f720,
0x000001bfddb0fc30, 0x000001bfddb11580, 0x000001bfddb11070, 0x000001bfddb11a90,
0x000001bfd7267940, 0x000001bfd7264bb0, 0x000001bfd7262840, 0x000001bfddb10650
}

Java Threads: ( => current thread )
  0x000001bfd7086380 JavaThread "Reference Handler" daemon [_thread_blocked, id=29212, stack(0x0000005043e00000,0x0000005043f00000)]
  0x000001bfd7087200 JavaThread "Finalizer" daemon [_thread_blocked, id=13696, stack(0x0000005043f00000,0x0000005044000000)]
  0x000001bfd70be660 JavaThread "Signal Dispatcher" daemon [_thread_blocked, id=22260, stack(0x0000005044000000,0x0000005044100000)]
  0x000001bfd70bf3f0 JavaThread "Attach Listener" daemon [_thread_blocked, id=23488, stack(0x0000005044100000,0x0000005044200000)]
  0x000001bfd70c2ce0 JavaThread "Service Thread" daemon [_thread_blocked, id=23192, stack(0x0000005044200000,0x0000005044300000)]
  0x000001bfd70c39b0 JavaThread "Monitor Deflation Thread" daemon [_thread_blocked, id=22968, stack(0x0000005044300000,0x0000005044400000)]
  0x000001bfd70c4330 JavaThread "C1 CompilerThread0" daemon [_thread_blocked, id=13508, stack(0x0000005044400000,0x0000005044500000)]
  0x000001bfd70c5050 JavaThread "Sweeper thread" daemon [_thread_blocked, id=4248, stack(0x0000005044500000,0x0000005044600000)]
  0x000001bfd72e3aa0 JavaThread "Notification Thread" daemon [_thread_blocked, id=23104, stack(0x0000005044700000,0x0000005044800000)]
  0x000001bfd72f29e0 JavaThread "Common-Cleaner" daemon [_thread_blocked, id=23696, stack(0x0000005044900000,0x0000005044a00000)]
  0x000001bfdce3b5f0 JavaThread "boundedElastic-evictor-1" daemon [_thread_blocked, id=29520, stack(0x0000005046000000,0x0000005046100000)]
  0x000001bfdce21260 JavaThread "pool-13-thread-1" [_thread_blocked, id=13408, stack(0x0000005046100000,0x0000005046200000)]
  0x000001bfdce22b50 JavaThread "LanguageServerApp-lifecycle" [_thread_blocked, id=20380, stack(0x0000005046200000,0x0000005046300000)]
  0x000001bfcb2b6ee0 JavaThread "DestroyJavaVM" [_thread_blocked, id=5504, stack(0x0000005043700000,0x0000005043800000)]
  0x000001bfdce9c490 JavaThread "pool-14-thread-1" [_thread_in_native, id=3044, stack(0x0000005046300000,0x0000005046400000)]
  0x000001bfdcf05ca0 JavaThread "Simple-Language-Server main thread" daemon [_thread_blocked, id=28616, stack(0x0000005046400000,0x0000005046500000)]
  0x000001bfdce0eaa0 JavaThread "parallel-1" daemon [_thread_blocked, id=16616, stack(0x0000005046700000,0x0000005046800000)]
  0x000001bfdce10e10 JavaThread "pool-6-thread-1" [_thread_blocked, id=17292, stack(0x0000005046800000,0x0000005046900000)]
  0x000001bfdce11320 JavaThread "parallel-2" daemon [_thread_blocked, id=24164, stack(0x0000005046900000,0x0000005046a00000)]
  0x000001bfdce0efb0 JavaThread "parallel-3" daemon [_thread_blocked, id=10420, stack(0x0000005046a00000,0x0000005046b00000)]
  0x000001bfdce0e590 JavaThread "parallel-4" daemon [_thread_blocked, id=23636, stack(0x0000005046e00000,0x0000005046f00000)]
  0x000001bfdce0f9d0 JavaThread "parallel-5" daemon [_thread_blocked, id=3812, stack(0x0000005046f00000,0x0000005047000000)]
  0x000001bfdce0fee0 JavaThread "Reconciler-1" daemon [_thread_blocked, id=31248, stack(0x0000005047000000,0x0000005047100000)]
  0x000001bfdce11830 JavaThread "pool-8-thread-1" [_thread_blocked, id=3588, stack(0x0000005043600000,0x0000005043700000)]
  0x000001bfdce0e080 JavaThread "parallel-6" daemon [_thread_blocked, id=31136, stack(0x0000005044600000,0x0000005044700000)]
  0x000001bfd7262330 JavaThread "parallel-7" daemon [_thread_blocked, id=8776, stack(0x0000005046500000,0x0000005046600000)]
  0x000001bfd7268360 JavaThread "parallel-8" daemon [_thread_blocked, id=31068, stack(0x0000005046600000,0x0000005046700000)]
  0x000001bfd7268870 JavaThread "parallel-9" daemon [_thread_blocked, id=31484, stack(0x0000005044a00000,0x0000005044b00000)]
  0x000001bfd7264190 JavaThread "parallel-10" daemon [_thread_blocked, id=12116, stack(0x0000005046b00000,0x0000005046c00000)]
  0x000001bfd7268d80 JavaThread "parallel-11" daemon [_thread_blocked, id=3540, stack(0x0000005045300000,0x0000005045400000)]
  0x000001bfd7261910 JavaThread "parallel-12" daemon [_thread_blocked, id=29412, stack(0x0000005045400000,0x0000005045500000)]
  0x000001bfd72646a0 JavaThread "parallel-13" daemon [_thread_blocked, id=7828, stack(0x0000005047300000,0x0000005047400000)]
  0x000001bfd72655d0 JavaThread "CompletableFutureDelayScheduler" daemon [_thread_blocked, id=12228, stack(0x0000005047100000,0x0000005047200000)]
  0x000001bfd7261e20 JavaThread "parallel-14" daemon [_thread_blocked, id=14232, stack(0x0000005044b00000,0x0000005044c00000)]
  0x000001bfd7267e50 JavaThread "parallel-15" daemon [_thread_blocked, id=9416, stack(0x0000005045100000,0x0000005045200000)]
  0x000001bfd7263770 JavaThread "parallel-16" daemon [_thread_blocked, id=25112, stack(0x0000005047200000,0x0000005047300000)]
  0x000001bfd7263260 JavaThread "parallel-17" daemon [_thread_blocked, id=3584, stack(0x0000005047400000,0x0000005047500000)]
  0x000001bfd7265ae0 JavaThread "parallel-18" daemon [_thread_blocked, id=5396, stack(0x0000005047600000,0x0000005047700000)]
  0x000001bfd7266f20 JavaThread "parallel-19" daemon [_thread_blocked, id=31636, stack(0x0000005047900000,0x0000005047a00000)]
  0x000001bfd7265ff0 JavaThread "parallel-20" daemon [_thread_blocked, id=8340, stack(0x0000005047800000,0x0000005047900000)]
  0x000001bfddb10b60 JavaThread "ForkJoinPool.commonPool-worker-54" daemon [_thread_blocked, id=7952, stack(0x0000005046c00000,0x0000005046d00000)]
  0x000001bfddb0d3b0 JavaThread "ForkJoinPool.commonPool-worker-55" daemon [_thread_blocked, id=22072, stack(0x0000005047700000,0x0000005047800000)]
  0x000001bfddb129c0 JavaThread "ForkJoinPool.commonPool-worker-56" daemon [_thread_blocked, id=31644, stack(0x0000005047a00000,0x0000005047b00000)]
  0x000001bfddb0bf70 JavaThread "ForkJoinPool.commonPool-worker-59" daemon [_thread_blocked, id=17036, stack(0x0000005047500000,0x0000005047600000)]
  0x000001bfddb138f0 JavaThread "ForkJoinPool.commonPool-worker-60" daemon [_thread_blocked, id=28604, stack(0x0000005047c00000,0x0000005047d00000)]
  0x000001bfddb0c480 JavaThread "ForkJoinPool.commonPool-worker-61" daemon [_thread_blocked, id=27224, stack(0x0000005047d00000,0x0000005047e00000)]
  0x000001bfddb0f210 JavaThread "ForkJoinPool.commonPool-worker-74" daemon [_thread_blocked, id=13808, stack(0x0000005043400000,0x0000005043500000)]
  0x000001bfddb0f720 JavaThread "ForkJoinPool.commonPool-worker-75" daemon [_thread_blocked, id=7932, stack(0x0000005047b00000,0x0000005047c00000)]
  0x000001bfddb0fc30 JavaThread "ForkJoinPool.commonPool-worker-76" daemon [_thread_blocked, id=13332, stack(0x0000005047f00000,0x0000005048000000)]
  0x000001bfddb11580 JavaThread "ForkJoinPool.commonPool-worker-77" daemon [_thread_blocked, id=31580, stack(0x0000005048000000,0x0000005048100000)]
  0x000001bfddb11070 JavaThread "ForkJoinPool.commonPool-worker-78" daemon [_thread_blocked, id=24448, stack(0x0000005046d00000,0x0000005046e00000)]
  0x000001bfddb11a90 JavaThread "ForkJoinPool.commonPool-worker-79" daemon [_thread_blocked, id=27172, stack(0x0000005048400000,0x0000005048500000)]
  0x000001bfd7267940 JavaThread "ForkJoinPool.commonPool-worker-80" daemon [_thread_blocked, id=25944, stack(0x0000005048e00000,0x0000005048f00000)]
  0x000001bfd7264bb0 JavaThread "ForkJoinPool.commonPool-worker-81" daemon [_thread_blocked, id=26888, stack(0x0000005049000000,0x0000005049100000)]
  0x000001bfd7262840 JavaThread "ForkJoinPool.commonPool-worker-82" daemon [_thread_blocked, id=22808, stack(0x0000005049100000,0x0000005049200000)]
  0x000001bfddb10650 JavaThread "pool-5-thread-58" [_thread_blocked, id=13436, stack(0x0000005047e00000,0x0000005047f00000)]

Other Threads:
=>0x000001bfd706f550 VMThread "VM Thread" [stack: 0x0000005043d00000,0x0000005043e00000] [id=25128]
  0x000001bfd700e130 WatcherThread [stack: 0x0000005044800000,0x0000005044900000] [id=10188]
  0x000001bfcb2f7630 GCTaskThread "GC Thread#0" [stack: 0x0000005043800000,0x0000005043900000] [id=25572]
  0x000001bfdc13fa00 GCTaskThread "GC Thread#1" [stack: 0x0000005044c00000,0x0000005044d00000] [id=10980]
  0x000001bfdc13fcc0 GCTaskThread "GC Thread#2" [stack: 0x0000005044d00000,0x0000005044e00000] [id=22376]
  0x000001bfdc130530 GCTaskThread "GC Thread#3" [stack: 0x0000005044e00000,0x0000005044f00000] [id=20036]
  0x000001bfdc1307f0 GCTaskThread "GC Thread#4" [stack: 0x0000005044f00000,0x0000005045000000] [id=12588]
  0x000001bfdc130ab0 GCTaskThread "GC Thread#5" [stack: 0x0000005045000000,0x0000005045100000] [id=23356]
  0x000001bfdc7570c0 GCTaskThread "GC Thread#6" [stack: 0x0000005045500000,0x0000005045600000] [id=16296]
  0x000001bfdc757380 GCTaskThread "GC Thread#7" [stack: 0x0000005045600000,0x0000005045700000] [id=4412]
  0x000001bfdc757640 GCTaskThread "GC Thread#8" [stack: 0x0000005045700000,0x0000005045800000] [id=31320]
  0x000001bfdc757900 GCTaskThread "GC Thread#9" [stack: 0x0000005045800000,0x0000005045900000] [id=19656]
  0x000001bfdc7581d0 GCTaskThread "GC Thread#10" [stack: 0x0000005045900000,0x0000005045a00000] [id=11484]
  0x000001bfdc758aa0 GCTaskThread "GC Thread#11" [stack: 0x0000005045a00000,0x0000005045b00000] [id=30676]
  0x000001bfdc751690 GCTaskThread "GC Thread#12" [stack: 0x0000005045200000,0x0000005045300000] [id=30256]
  0x000001bfdc751c10 GCTaskThread "GC Thread#13" [stack: 0x0000005045e00000,0x0000005045f00000] [id=12444]
  0x000001bfdc7513d0 GCTaskThread "GC Thread#14" [stack: 0x0000005045f00000,0x0000005046000000] [id=30804]
  0x000001bfcb300580 ConcurrentGCThread "G1 Main Marker" [stack: 0x0000005043900000,0x0000005043a00000] [id=11072]
  0x000001bfcb300fa0 ConcurrentGCThread "G1 Conc#0" [stack: 0x0000005043a00000,0x0000005043b00000] [id=26092]
  0x000001bfdc6b0e10 ConcurrentGCThread "G1 Conc#1" [stack: 0x0000005045b00000,0x0000005045c00000] [id=6836]
  0x000001bfdc6c5900 ConcurrentGCThread "G1 Conc#2" [stack: 0x0000005045c00000,0x0000005045d00000] [id=31688]
  0x000001bfdc751950 ConcurrentGCThread "G1 Conc#3" [stack: 0x0000005045d00000,0x0000005045e00000] [id=8328]
  0x000001bfd6ee1220 ConcurrentGCThread "G1 Refine#0" [stack: 0x0000005043b00000,0x0000005043c00000] [id=28484]
  0x000001bfd6ee1c50 ConcurrentGCThread "G1 Service" [stack: 0x0000005043c00000,0x0000005043d00000] [id=11168]

Threads with active compile tasks:

VM state: at safepoint (normal execution)

VM Mutex/Monitor currently owned by a thread:  ([mutex/lock_event])
[0x000001bfc9080a20] Threads_lock - owner thread: 0x000001bfd706f550
[0x000001bfc907d0d0] Heap_lock - owner thread: 0x000001bfdce21260

Heap address: 0x00000000c0000000, size: 1024 MB, Compressed Oops mode: 32-bit

CDS archive(s) not mapped
Compressed class space mapped at: 0x0000000100000000-0x0000000140000000, reserved size: 1073741824
Narrow klass base: 0x0000000000000000, Narrow klass shift: 3, Narrow klass range: 0x140000000

GC Precious Log:
 CPUs: 20 total, 20 available
 Memory: 16004M
 Large Page Support: Disabled
 NUMA Support: Disabled
 Compressed Oops: Enabled (32-bit)
 Heap Region Size: 1M
 Heap Min Capacity: 8M
 Heap Initial Capacity: 252M
 Heap Max Capacity: 1G
 Pre-touch: Disabled
 Parallel Workers: 15
 Concurrent Workers: 4
 Concurrent Refinement Workers: 15
 Periodic GC: Disabled

Heap:
 garbage-first heap   total 95232K, used 38165K [0x00000000c0000000, 0x0000000100000000)
  region size 1024K, 6 young (6144K), 5 survivors (5120K)
 Metaspace       used 61809K, committed 62400K, reserved 1114112K
  class space    used 7748K, committed 8000K, reserved 1048576K

Heap Regions: E=young(eden), S=young(survivor), O=old, HS=humongous(starts), HC=humongous(continues), CS=collection set, F=free, OA=open archive, CA=closed archive, TAMS=top-at-mark-start (previous, next)
|   0|0x00000000c0000000, 0x00000000c0100000, 0x00000000c0100000|100%|HS|  |TAMS 0x00000000c0100000, 0x00000000c0000000| Untracked 
|   1|0x00000000c0100000, 0x00000000c0200000, 0x00000000c0200000|100%|HC|  |TAMS 0x00000000c0200000, 0x00000000c0100000| Untracked 
|   2|0x00000000c0200000, 0x00000000c0300000, 0x00000000c0300000|100%|HC|  |TAMS 0x00000000c0300000, 0x00000000c0200000| Untracked 
|   3|0x00000000c0300000, 0x00000000c0400000, 0x00000000c0400000|100%|HC|  |TAMS 0x00000000c0400000, 0x00000000c0300000| Untracked 
|   4|0x00000000c0400000, 0x00000000c0500000, 0x00000000c0500000|100%|HS|  |TAMS 0x00000000c0500000, 0x00000000c0400000| Untracked 
|   5|0x00000000c0500000, 0x00000000c0600000, 0x00000000c0600000|100%|HC|  |TAMS 0x00000000c0600000, 0x00000000c0500000| Untracked 
|   6|0x00000000c0600000, 0x00000000c0700000, 0x00000000c0700000|100%| O|  |TAMS 0x00000000c0700000, 0x00000000c0600000| Untracked 
|   7|0x00000000c0700000, 0x00000000c07fffc0, 0x00000000c0800000| 99%| O|  |TAMS 0x00000000c07fffc0, 0x00000000c0700000| Untracked 
|   8|0x00000000c0800000, 0x00000000c08fbe90, 0x00000000c0900000| 98%| O|  |TAMS 0x00000000c08fbe90, 0x00000000c0800000| Untracked 
|   9|0x00000000c0900000, 0x00000000c0a00000, 0x00000000c0a00000|100%| O|  |TAMS 0x00000000c0a00000, 0x00000000c0900000| Untracked 
|  10|0x00000000c0a00000, 0x00000000c0b00000, 0x00000000c0b00000|100%| O|  |TAMS 0x00000000c0b00000, 0x00000000c0a00000| Untracked 
|  11|0x00000000c0b00000, 0x00000000c0c00000, 0x00000000c0c00000|100%| O|  |TAMS 0x00000000c0c00000, 0x00000000c0b00000| Untracked 
|  12|0x00000000c0c00000, 0x00000000c0cffc80, 0x00000000c0d00000| 99%| O|  |TAMS 0x00000000c0cffc80, 0x00000000c0c00000| Untracked 
|  13|0x00000000c0d00000, 0x00000000c0e00000, 0x00000000c0e00000|100%| O|  |TAMS 0x00000000c0e00000, 0x00000000c0d00000| Untracked 
|  14|0x00000000c0e00000, 0x00000000c0f00000, 0x00000000c0f00000|100%| O|  |TAMS 0x00000000c0f00000, 0x00000000c0e00000| Untracked 
|  15|0x00000000c0f00000, 0x00000000c0ffffb0, 0x00000000c1000000| 99%| O|  |TAMS 0x00000000c0ffffb0, 0x00000000c0f00000| Untracked 
|  16|0x00000000c1000000, 0x00000000c10fffe0, 0x00000000c1100000| 99%| O|  |TAMS 0x00000000c10fffe0, 0x00000000c1000000| Untracked 
|  17|0x00000000c1100000, 0x00000000c1200000, 0x00000000c1200000|100%| O|  |TAMS 0x00000000c1200000, 0x00000000c1100000| Untracked 
|  18|0x00000000c1200000, 0x00000000c12fffe8, 0x00000000c1300000| 99%| O|  |TAMS 0x00000000c12fffe8, 0x00000000c1200000| Untracked 
|  19|0x00000000c1300000, 0x00000000c1400000, 0x00000000c1400000|100%| O|  |TAMS 0x00000000c1400000, 0x00000000c1300000| Untracked 
|  20|0x00000000c1400000, 0x00000000c14ffff0, 0x00000000c1500000| 99%| O|  |TAMS 0x00000000c14ffff0, 0x00000000c1400000| Untracked 
|  21|0x00000000c1500000, 0x00000000c15fffe8, 0x00000000c1600000| 99%| O|  |TAMS 0x00000000c15fffe8, 0x00000000c1500000| Untracked 
|  22|0x00000000c1600000, 0x00000000c16fffb8, 0x00000000c1700000| 99%| O|  |TAMS 0x00000000c16fffb8, 0x00000000c1600000| Untracked 
|  23|0x00000000c1700000, 0x00000000c17fffa0, 0x00000000c1800000| 99%| O|  |TAMS 0x00000000c17fffa0, 0x00000000c1700000| Untracked 
|  24|0x00000000c1800000, 0x00000000c18ffff0, 0x00000000c1900000| 99%| O|  |TAMS 0x00000000c18ffff0, 0x00000000c1800000| Untracked 
|  25|0x00000000c1900000, 0x00000000c19fffe8, 0x00000000c1a00000| 99%| O|  |TAMS 0x00000000c19fffe8, 0x00000000c1900000| Untracked 
|  26|0x00000000c1a00000, 0x00000000c1afffd8, 0x00000000c1b00000| 99%| O|  |TAMS 0x00000000c1afffd8, 0x00000000c1a00000| Untracked 
|  27|0x00000000c1b00000, 0x00000000c1bffff0, 0x00000000c1c00000| 99%| O|  |TAMS 0x00000000c1bffff0, 0x00000000c1b00000| Untracked 
|  28|0x00000000c1c00000, 0x00000000c1cff7f8, 0x00000000c1d00000| 99%| O|  |TAMS 0x00000000c1cff7f8, 0x00000000c1c00000| Untracked 
|  29|0x00000000c1d00000, 0x00000000c1dfffe8, 0x00000000c1e00000| 99%| O|  |TAMS 0x00000000c1dfffe8, 0x00000000c1d00000| Untracked 
|  30|0x00000000c1e00000, 0x00000000c1eb2ac8, 0x00000000c1f00000| 69%| O|  |TAMS 0x00000000c1e00000, 0x00000000c1e00000| Untracked 
|  31|0x00000000c1f00000, 0x00000000c2000000, 0x00000000c2000000|100%|HS|  |TAMS 0x00000000c1f00000, 0x00000000c1f00000| Complete 
|  32|0x00000000c2000000, 0x00000000c2000000, 0x00000000c2100000|  0%| F|  |TAMS 0x00000000c2000000, 0x00000000c2000000| Untracked 
|  33|0x00000000c2100000, 0x00000000c2100000, 0x00000000c2200000|  0%| F|  |TAMS 0x00000000c2100000, 0x00000000c2100000| Untracked 
|  34|0x00000000c2200000, 0x00000000c2200000, 0x00000000c2300000|  0%| F|  |TAMS 0x00000000c2200000, 0x00000000c2200000| Untracked 
|  35|0x00000000c2300000, 0x00000000c2300000, 0x00000000c2400000|  0%| F|  |TAMS 0x00000000c2300000, 0x00000000c2300000| Untracked 
|  36|0x00000000c2400000, 0x00000000c2400000, 0x00000000c2500000|  0%| F|  |TAMS 0x00000000c2400000, 0x00000000c2400000| Untracked 
|  37|0x00000000c2500000, 0x00000000c2500000, 0x00000000c2600000|  0%| F|  |TAMS 0x00000000c2500000, 0x00000000c2500000| Untracked 
|  38|0x00000000c2600000, 0x00000000c2600000, 0x00000000c2700000|  0%| F|  |TAMS 0x00000000c2600000, 0x00000000c2600000| Untracked 
|  39|0x00000000c2700000, 0x00000000c2700000, 0x00000000c2800000|  0%| F|  |TAMS 0x00000000c2700000, 0x00000000c2700000| Untracked 
|  40|0x00000000c2800000, 0x00000000c2800000, 0x00000000c2900000|  0%| F|  |TAMS 0x00000000c2800000, 0x00000000c2800000| Untracked 
|  41|0x00000000c2900000, 0x00000000c2900000, 0x00000000c2a00000|  0%| F|  |TAMS 0x00000000c2900000, 0x00000000c2900000| Untracked 
|  42|0x00000000c2a00000, 0x00000000c2a00000, 0x00000000c2b00000|  0%| F|  |TAMS 0x00000000c2a00000, 0x00000000c2a00000| Untracked 
|  43|0x00000000c2b00000, 0x00000000c2b00000, 0x00000000c2c00000|  0%| F|  |TAMS 0x00000000c2b00000, 0x00000000c2b00000| Untracked 
|  44|0x00000000c2c00000, 0x00000000c2c00000, 0x00000000c2d00000|  0%| F|  |TAMS 0x00000000c2c00000, 0x00000000c2c00000| Untracked 
|  45|0x00000000c2d00000, 0x00000000c2d97a48, 0x00000000c2e00000| 59%| S|CS|TAMS 0x00000000c2d00000, 0x00000000c2d00000| Complete 
|  46|0x00000000c2e00000, 0x00000000c2f00000, 0x00000000c2f00000|100%| S|CS|TAMS 0x00000000c2e00000, 0x00000000c2e00000| Complete 
|  47|0x00000000c2f00000, 0x00000000c3000000, 0x00000000c3000000|100%| S|CS|TAMS 0x00000000c2f00000, 0x00000000c2f00000| Complete 
|  48|0x00000000c3000000, 0x00000000c3100000, 0x00000000c3100000|100%| S|CS|TAMS 0x00000000c3000000, 0x00000000c3000000| Complete 
|  49|0x00000000c3100000, 0x00000000c3200000, 0x00000000c3200000|100%| S|CS|TAMS 0x00000000c3100000, 0x00000000c3100000| Complete 
|  50|0x00000000c3200000, 0x00000000c3300000, 0x00000000c3300000|100%| O|  |TAMS 0x00000000c3300000, 0x00000000c3200000| Untracked 
|  51|0x00000000c3300000, 0x00000000c3300000, 0x00000000c3400000|  0%| F|  |TAMS 0x00000000c3300000, 0x00000000c3300000| Untracked 
|  52|0x00000000c3400000, 0x00000000c3400000, 0x00000000c3500000|  0%| F|  |TAMS 0x00000000c3400000, 0x00000000c3400000| Untracked 
|  53|0x00000000c3500000, 0x00000000c3500000, 0x00000000c3600000|  0%| F|  |TAMS 0x00000000c3500000, 0x00000000c3500000| Untracked 
|  54|0x00000000c3600000, 0x00000000c3600000, 0x00000000c3700000|  0%| F|  |TAMS 0x00000000c3600000, 0x00000000c3600000| Untracked 
|  55|0x00000000c3700000, 0x00000000c3700000, 0x00000000c3800000|  0%| F|  |TAMS 0x00000000c3700000, 0x00000000c3700000| Untracked 
|  56|0x00000000c3800000, 0x00000000c3800000, 0x00000000c3900000|  0%| F|  |TAMS 0x00000000c3800000, 0x00000000c3800000| Untracked 
|  57|0x00000000c3900000, 0x00000000c3900000, 0x00000000c3a00000|  0%| F|  |TAMS 0x00000000c3900000, 0x00000000c3900000| Untracked 
|  58|0x00000000c3a00000, 0x00000000c3a00000, 0x00000000c3b00000|  0%| F|  |TAMS 0x00000000c3a00000, 0x00000000c3a00000| Untracked 
|  59|0x00000000c3b00000, 0x00000000c3b00000, 0x00000000c3c00000|  0%| F|  |TAMS 0x00000000c3b00000, 0x00000000c3b00000| Untracked 
|  60|0x00000000c3c00000, 0x00000000c3c00000, 0x00000000c3d00000|  0%| F|  |TAMS 0x00000000c3c00000, 0x00000000c3c00000| Untracked 
|  61|0x00000000c3d00000, 0x00000000c3d00000, 0x00000000c3e00000|  0%| F|  |TAMS 0x00000000c3d00000, 0x00000000c3d00000| Untracked 
|  62|0x00000000c3e00000, 0x00000000c3e00000, 0x00000000c3f00000|  0%| F|  |TAMS 0x00000000c3e00000, 0x00000000c3e00000| Untracked 
|  63|0x00000000c3f00000, 0x00000000c3f00000, 0x00000000c4000000|  0%| F|  |TAMS 0x00000000c3f00000, 0x00000000c3f00000| Untracked 
|  64|0x00000000c4000000, 0x00000000c4000000, 0x00000000c4100000|  0%| F|  |TAMS 0x00000000c4000000, 0x00000000c4000000| Untracked 
|  65|0x00000000c4100000, 0x00000000c4100000, 0x00000000c4200000|  0%| F|  |TAMS 0x00000000c4100000, 0x00000000c4100000| Untracked 
|  66|0x00000000c4200000, 0x00000000c4200000, 0x00000000c4300000|  0%| F|  |TAMS 0x00000000c4200000, 0x00000000c4200000| Untracked 
|  67|0x00000000c4300000, 0x00000000c4300000, 0x00000000c4400000|  0%| F|  |TAMS 0x00000000c4300000, 0x00000000c4300000| Untracked 
|  68|0x00000000c4400000, 0x00000000c4400000, 0x00000000c4500000|  0%| F|  |TAMS 0x00000000c4400000, 0x00000000c4400000| Untracked 
|  69|0x00000000c4500000, 0x00000000c4500000, 0x00000000c4600000|  0%| F|  |TAMS 0x00000000c4500000, 0x00000000c4500000| Untracked 
|  70|0x00000000c4600000, 0x00000000c4600000, 0x00000000c4700000|  0%| F|  |TAMS 0x00000000c4600000, 0x00000000c4600000| Untracked 
|  71|0x00000000c4700000, 0x00000000c4700000, 0x00000000c4800000|  0%| F|  |TAMS 0x00000000c4700000, 0x00000000c4700000| Untracked 
|  72|0x00000000c4800000, 0x00000000c4800000, 0x00000000c4900000|  0%| F|  |TAMS 0x00000000c4800000, 0x00000000c4800000| Untracked 
|  73|0x00000000c4900000, 0x00000000c4900000, 0x00000000c4a00000|  0%| F|  |TAMS 0x00000000c4900000, 0x00000000c4900000| Untracked 
|  74|0x00000000c4a00000, 0x00000000c4a00000, 0x00000000c4b00000|  0%| F|  |TAMS 0x00000000c4a00000, 0x00000000c4a00000| Untracked 
|  75|0x00000000c4b00000, 0x00000000c4b00000, 0x00000000c4c00000|  0%| F|  |TAMS 0x00000000c4b00000, 0x00000000c4b00000| Untracked 
|  76|0x00000000c4c00000, 0x00000000c4c00000, 0x00000000c4d00000|  0%| F|  |TAMS 0x00000000c4c00000, 0x00000000c4c00000| Untracked 
|  77|0x00000000c4d00000, 0x00000000c4d00000, 0x00000000c4e00000|  0%| F|  |TAMS 0x00000000c4d00000, 0x00000000c4d00000| Untracked 
|  78|0x00000000c4e00000, 0x00000000c4e00000, 0x00000000c4f00000|  0%| F|  |TAMS 0x00000000c4e00000, 0x00000000c4e00000| Untracked 
|  79|0x00000000c4f00000, 0x00000000c4f00000, 0x00000000c5000000|  0%| F|  |TAMS 0x00000000c4f00000, 0x00000000c4f00000| Untracked 
|  80|0x00000000c5000000, 0x00000000c5000000, 0x00000000c5100000|  0%| F|  |TAMS 0x00000000c5000000, 0x00000000c5000000| Untracked 
|  81|0x00000000c5100000, 0x00000000c5100000, 0x00000000c5200000|  0%| F|  |TAMS 0x00000000c5100000, 0x00000000c5100000| Untracked 
|  82|0x00000000c5200000, 0x00000000c5200000, 0x00000000c5300000|  0%| F|  |TAMS 0x00000000c5200000, 0x00000000c5200000| Untracked 
|  83|0x00000000c5300000, 0x00000000c5300000, 0x00000000c5400000|  0%| F|  |TAMS 0x00000000c5300000, 0x00000000c5300000| Untracked 
|  84|0x00000000c5400000, 0x00000000c5400000, 0x00000000c5500000|  0%| F|  |TAMS 0x00000000c5400000, 0x00000000c5400000| Untracked 
|  85|0x00000000c5500000, 0x00000000c5500000, 0x00000000c5600000|  0%| F|  |TAMS 0x00000000c5500000, 0x00000000c5500000| Untracked 
| 210|0x00000000cd200000, 0x00000000cd200000, 0x00000000cd300000|  0%| F|  |TAMS 0x00000000cd200000, 0x00000000cd200000| Untracked 
| 211|0x00000000cd300000, 0x00000000cd300000, 0x00000000cd400000|  0%| F|  |TAMS 0x00000000cd300000, 0x00000000cd300000| Untracked 
| 212|0x00000000cd400000, 0x00000000cd400000, 0x00000000cd500000|  0%| F|  |TAMS 0x00000000cd400000, 0x00000000cd400000| Untracked 
| 213|0x00000000cd500000, 0x00000000cd500000, 0x00000000cd600000|  0%| F|  |TAMS 0x00000000cd500000, 0x00000000cd500000| Untracked 
| 214|0x00000000cd600000, 0x00000000cd600000, 0x00000000cd700000|  0%| F|  |TAMS 0x00000000cd600000, 0x00000000cd600000| Untracked 
| 250|0x00000000cfa00000, 0x00000000cfa00000, 0x00000000cfb00000|  0%| F|  |TAMS 0x00000000cfa00000, 0x00000000cfa00000| Untracked 
| 251|0x00000000cfb00000, 0x00000000cfbcf640, 0x00000000cfc00000| 81%| E|  |TAMS 0x00000000cfb00000, 0x00000000cfb00000| Complete 

Card table byte_map: [0x000001bfd19c0000,0x000001bfd1bc0000] _byte_map_base: 0x000001bfd13c0000

Marking Bits (Prev, Next): (CMBitMap*) 0x000001bfcb2f7c50, (CMBitMap*) 0x000001bfcb2f7c90
 Prev Bits: [0x000001bfd1dc0000, 0x000001bfd2dc0000)
 Next Bits: [0x000001bfd2dc0000, 0x000001bfd3dc0000)

Polling page: 0x000001bfc92a0000

Metaspace:

Usage:
  Non-class:     52.79 MB used.
      Class:      7.57 MB used.
       Both:     60.36 MB used.

Virtual space:
  Non-class space:       64.00 MB reserved,      53.12 MB ( 83%) committed,  1 nodes.
      Class space:        1.00 GB reserved,       7.81 MB ( <1%) committed,  1 nodes.
             Both:        1.06 GB reserved,      60.94 MB (  6%) committed. 

Chunk freelists:
   Non-Class:  10.29 MB
       Class:  8.23 MB
        Both:  18.53 MB

MaxMetaspaceSize: unlimited
CompressedClassSpaceSize: 1.00 GB
Initial GC threshold: 21.00 MB
Current GC threshold: 101.56 MB
CDS: off
MetaspaceReclaimPolicy: balanced
 - commit_granule_bytes: 65536.
 - commit_granule_words: 8192.
 - virtual_space_node_default_size: 8388608.
 - enlarge_chunks_in_place: 1.
 - new_chunks_are_fully_committed: 0.
 - uncommit_free_chunks: 1.
 - use_allocation_guard: 0.
 - handle_deallocations: 1.


Internal statistics:

num_allocs_failed_limit: 8.
num_arena_births: 1140.
num_arena_deaths: 584.
num_vsnodes_births: 2.
num_vsnodes_deaths: 0.
num_space_committed: 975.
num_space_uncommitted: 0.
num_chunks_returned_to_freelist: 729.
num_chunks_taken_from_freelist: 3368.
num_chunk_merges: 262.
num_chunk_splits: 2111.
num_chunks_enlarged: 1503.
num_inconsistent_stats: 0.

CodeCache: size=49152Kb used=22321Kb max_used=25402Kb free=26831Kb
 bounds [0x000001bfcdf40000, 0x000001bfcf870000, 0x000001bfd0f40000]
 total_blobs=12326 nmethods=11641 adapters=610
 compilation: enabled
              stopped_count=0, restarted_count=0
 full_count=0

Compilation events (20 events):
Event: 12367.722 Thread 0x000001bfd70c4330 11811       1       java.lang.reflect.AccessibleObject::setAccessible (87 bytes)
Event: 12367.722 Thread 0x000001bfd70c4330 nmethod 11811 0x000001bfcf61ac90 code [0x000001bfcf61ae60, 0x000001bfcf61b0b8]
Event: 12390.783 Thread 0x000001bfd70c4330 11812       1       org.eclipse.lemminx.dom.DOMAttr::<init> (46 bytes)
Event: 12390.783 Thread 0x000001bfd70c4330 nmethod 11812 0x000001bfcf61a710 code [0x000001bfcf61a8c0, 0x000001bfcf61abf8]
Event: 12390.783 Thread 0x000001bfd70c4330 11813       1       org.eclipse.lemminx.dom.DOMAttr$AttrName::<init> (13 bytes)
Event: 12390.783 Thread 0x000001bfd70c4330 nmethod 11813 0x000001bfcf61a390 code [0x000001bfcf61a520, 0x000001bfcf61a698]
Event: 12390.783 Thread 0x000001bfd70c4330 11814       1       org.eclipse.lemminx.dom.DOMNode::setAttributeNode (28 bytes)
Event: 12390.784 Thread 0x000001bfd70c4330 nmethod 11814 0x000001bfcf619c90 code [0x000001bfcf619e40, 0x000001bfcf61a1a8]
Event: 12390.785 Thread 0x000001bfd70c4330 11815       1       org.eclipse.lemminx.dom.parser.XMLScanner::hasNextAttributeValue (53 bytes)
Event: 12390.785 Thread 0x000001bfd70c4330 nmethod 11815 0x000001bfcf619710 code [0x000001bfcf6198c0, 0x000001bfcf619af8]
Event: 12390.785 Thread 0x000001bfd70c4330 11816       1       org.eclipse.lemminx.dom.DOMNode::hasAttributes (23 bytes)
Event: 12390.786 Thread 0x000001bfd70c4330 nmethod 11816 0x000001bfcf619390 code [0x000001bfcf619520, 0x000001bfcf619618]
Event: 12390.786 Thread 0x000001bfd70c4330 11817       1       org.eclipse.lemminx.dom.DOMAttr::setValue (37 bytes)
Event: 12390.786 Thread 0x000001bfd70c4330 nmethod 11817 0x000001bfcf618c90 code [0x000001bfcf618e60, 0x000001bfcf619258]
Event: 12390.786 Thread 0x000001bfd70c4330 11818       1       org.eclipse.lemminx.utils.StringUtils::convertToQuotelessValue (25 bytes)
Event: 12390.786 Thread 0x000001bfd70c4330 nmethod 11818 0x000001bfcf618890 code [0x000001bfcf618a40, 0x000001bfcf618b98]
Event: 12390.786 Thread 0x000001bfd70c4330 11819       1       org.eclipse.lemminx.dom.DOMAttr$AttrValue::<init> (13 bytes)
Event: 12390.786 Thread 0x000001bfd70c4330 nmethod 11819 0x000001bfcf618510 code [0x000001bfcf6186a0, 0x000001bfcf618818]
Event: 12391.027 Thread 0x000001bfd70c4330 11820       1       java.util.Date::getTimeImpl (27 bytes)
Event: 12391.027 Thread 0x000001bfd70c4330 nmethod 11820 0x000001bfcf618190 code [0x000001bfcf618320, 0x000001bfcf618428]

GC Heap History (20 events):
Event: 12198.586 GC heap before
{Heap before GC invocations=680 (full 556):
 garbage-first heap   total 95232K, used 33227K [0x00000000c0000000, 0x0000000100000000)
  region size 1024K, 1 young (1024K), 0 survivors (0K)
 Metaspace       used 61829K, committed 62400K, reserved 1114112K
  class space    used 7752K, committed 8000K, reserved 1048576K
}
Event: 12198.622 GC heap after
{Heap after GC invocations=681 (full 557):
 garbage-first heap   total 95232K, used 32441K [0x00000000c0000000, 0x0000000100000000)
  region size 1024K, 0 young (0K), 0 survivors (0K)
 Metaspace       used 61809K, committed 62400K, reserved 1114112K
  class space    used 7748K, committed 8000K, reserved 1048576K
}
Event: 12208.758 GC heap before
{Heap before GC invocations=681 (full 557):
 garbage-first heap   total 95232K, used 32441K [0x00000000c0000000, 0x0000000100000000)
  region size 1024K, 1 young (1024K), 0 survivors (0K)
 Metaspace       used 61809K, committed 62400K, reserved 1114112K
  class space    used 7748K, committed 8000K, reserved 1048576K
}
Event: 12208.795 GC heap after
{Heap after GC invocations=682 (full 558):
 garbage-first heap   total 95232K, used 32441K [0x00000000c0000000, 0x0000000100000000)
  region size 1024K, 0 young (0K), 0 survivors (0K)
 Metaspace       used 61809K, committed 62400K, reserved 1114112K
  class space    used 7748K, committed 8000K, reserved 1048576K
}
Event: 12218.930 GC heap before
{Heap before GC invocations=682 (full 558):
 garbage-first heap   total 95232K, used 32441K [0x00000000c0000000, 0x0000000100000000)
  region size 1024K, 1 young (1024K), 0 survivors (0K)
 Metaspace       used 61809K, committed 62400K, reserved 1114112K
  class space    used 7748K, committed 8000K, reserved 1048576K
}
Event: 12218.965 GC heap after
{Heap after GC invocations=683 (full 559):
 garbage-first heap   total 95232K, used 32441K [0x00000000c0000000, 0x0000000100000000)
  region size 1024K, 0 young (0K), 0 survivors (0K)
 Metaspace       used 61809K, committed 62400K, reserved 1114112K
  class space    used 7748K, committed 8000K, reserved 1048576K
}
Event: 12229.087 GC heap before
{Heap before GC invocations=683 (full 559):
 garbage-first heap   total 95232K, used 32441K [0x00000000c0000000, 0x0000000100000000)
  region size 1024K, 1 young (1024K), 0 survivors (0K)
 Metaspace       used 61809K, committed 62400K, reserved 1114112K
  class space    used 7748K, committed 8000K, reserved 1048576K
}
Event: 12229.123 GC heap after
{Heap after GC invocations=684 (full 560):
 garbage-first heap   total 95232K, used 32441K [0x00000000c0000000, 0x0000000100000000)
  region size 1024K, 0 young (0K), 0 survivors (0K)
 Metaspace       used 61809K, committed 62400K, reserved 1114112K
  class space    used 7748K, committed 8000K, reserved 1048576K
}
Event: 12239.232 GC heap before
{Heap before GC invocations=684 (full 560):
 garbage-first heap   total 95232K, used 32441K [0x00000000c0000000, 0x0000000100000000)
  region size 1024K, 1 young (1024K), 0 survivors (0K)
 Metaspace       used 61809K, committed 62400K, reserved 1114112K
  class space    used 7748K, committed 8000K, reserved 1048576K
}
Event: 12239.269 GC heap after
{Heap after GC invocations=685 (full 561):
 garbage-first heap   total 95232K, used 32441K [0x00000000c0000000, 0x0000000100000000)
  region size 1024K, 0 young (0K), 0 survivors (0K)
 Metaspace       used 61809K, committed 62400K, reserved 1114112K
  class space    used 7748K, committed 8000K, reserved 1048576K
}
Event: 12249.364 GC heap before
{Heap before GC invocations=685 (full 561):
 garbage-first heap   total 95232K, used 32441K [0x00000000c0000000, 0x0000000100000000)
  region size 1024K, 1 young (1024K), 0 survivors (0K)
 Metaspace       used 61809K, committed 62400K, reserved 1114112K
  class space    used 7748K, committed 8000K, reserved 1048576K
}
Event: 12249.401 GC heap after
{Heap after GC invocations=686 (full 562):
 garbage-first heap   total 95232K, used 32439K [0x00000000c0000000, 0x0000000100000000)
  region size 1024K, 0 young (0K), 0 survivors (0K)
 Metaspace       used 61809K, committed 62400K, reserved 1114112K
  class space    used 7748K, committed 8000K, reserved 1048576K
}
Event: 12259.520 GC heap before
{Heap before GC invocations=686 (full 562):
 garbage-first heap   total 95232K, used 32439K [0x00000000c0000000, 0x0000000100000000)
  region size 1024K, 1 young (1024K), 0 survivors (0K)
 Metaspace       used 61809K, committed 62400K, reserved 1114112K
  class space    used 7748K, committed 8000K, reserved 1048576K
}
Event: 12259.552 GC heap after
{Heap after GC invocations=687 (full 563):
 garbage-first heap   total 95232K, used 32439K [0x00000000c0000000, 0x0000000100000000)
  region size 1024K, 0 young (0K), 0 survivors (0K)
 Metaspace       used 61809K, committed 62400K, reserved 1114112K
  class space    used 7748K, committed 8000K, reserved 1048576K
}
Event: 12349.692 GC heap before
{Heap before GC invocations=687 (full 563):
 garbage-first heap   total 95232K, used 33463K [0x00000000c0000000, 0x0000000100000000)
  region size 1024K, 2 young (2048K), 0 survivors (0K)
 Metaspace       used 61809K, committed 62400K, reserved 1114112K
  class space    used 7748K, committed 8000K, reserved 1048576K
}
Event: 12349.723 GC heap after
{Heap after GC invocations=688 (full 564):
 garbage-first heap   total 95232K, used 32440K [0x00000000c0000000, 0x0000000100000000)
  region size 1024K, 0 young (0K), 0 survivors (0K)
 Metaspace       used 61809K, committed 62400K, reserved 1114112K
  class space    used 7748K, committed 8000K, reserved 1048576K
}
Event: 12359.807 GC heap before
{Heap before GC invocations=688 (full 564):
 garbage-first heap   total 95232K, used 32440K [0x00000000c0000000, 0x0000000100000000)
  region size 1024K, 1 young (1024K), 0 survivors (0K)
 Metaspace       used 61809K, committed 62400K, reserved 1114112K
  class space    used 7748K, committed 8000K, reserved 1048576K
}
Event: 12359.840 GC heap after
{Heap after GC invocations=689 (full 565):
 garbage-first heap   total 95232K, used 32438K [0x00000000c0000000, 0x0000000100000000)
  region size 1024K, 0 young (0K), 0 survivors (0K)
 Metaspace       used 61809K, committed 62400K, reserved 1114112K
  class space    used 7748K, committed 8000K, reserved 1048576K
}
Event: 12390.951 GC heap before
{Heap before GC invocations=689 (full 565):
 garbage-first heap   total 95232K, used 75446K [0x00000000c0000000, 0x0000000100000000)
  region size 1024K, 42 young (43008K), 0 survivors (0K)
 Metaspace       used 61809K, committed 62400K, reserved 1114112K
  class space    used 7748K, committed 8000K, reserved 1048576K
}
Event: 12390.953 GC heap after
{Heap after GC invocations=690 (full 565):
 garbage-first heap   total 95232K, used 38165K [0x00000000c0000000, 0x0000000100000000)
  region size 1024K, 5 young (5120K), 5 survivors (5120K)
 Metaspace       used 61809K, committed 62400K, reserved 1114112K
  class space    used 7748K, committed 8000K, reserved 1048576K
}

Dll operation events (10 events):
Event: 0.004 Loaded shared library c:\Users\saher\.vscode\extensions\redhat.java-1.32.0-win32-x64\jre\17.0.11-win32-x86_64\bin\java.dll
Event: 0.126 Loaded shared library C:\Users\saher\.vscode\extensions\redhat.java-1.32.0-win32-x64\jre\17.0.11-win32-x86_64\bin\net.dll
Event: 0.127 Loaded shared library C:\Users\saher\.vscode\extensions\redhat.java-1.32.0-win32-x64\jre\17.0.11-win32-x86_64\bin\nio.dll
Event: 0.131 Loaded shared library C:\Users\saher\.vscode\extensions\redhat.java-1.32.0-win32-x64\jre\17.0.11-win32-x86_64\bin\zip.dll
Event: 0.225 Loaded shared library C:\Users\saher\.vscode\extensions\redhat.java-1.32.0-win32-x64\jre\17.0.11-win32-x86_64\bin\jimage.dll
Event: 0.855 Loaded shared library c:\Users\saher\.vscode\extensions\redhat.java-1.32.0-win32-x64\jre\17.0.11-win32-x86_64\bin\verify.dll
Event: 1.823 Loaded shared library C:\Users\saher\.vscode\extensions\redhat.java-1.32.0-win32-x64\jre\17.0.11-win32-x86_64\bin\management.dll
Event: 1.824 Loaded shared library C:\Users\saher\.vscode\extensions\redhat.java-1.32.0-win32-x64\jre\17.0.11-win32-x86_64\bin\management_ext.dll
Event: 2.585 Loaded shared library C:\Users\saher\.vscode\extensions\redhat.java-1.32.0-win32-x64\jre\17.0.11-win32-x86_64\bin\sunmscapi.dll
Event: 6.271 Loaded shared library C:\Users\saher\.vscode\extensions\redhat.java-1.32.0-win32-x64\jre\17.0.11-win32-x86_64\bin\extnet.dll

Deoptimization events (20 events):
Event: 244.283 Thread 0x000001bfdce0f4c0 DEOPT UNPACKING pc=0x000001bfcdf97143 sp=0x00000050434fe028 mode 0
Event: 244.283 Thread 0x000001bfd7262d50 DEOPT UNPACKING pc=0x000001bfcdf97143 sp=0x00000050454fde98 mode 0
Event: 244.283 Thread 0x000001bfdce0f4c0 DEOPT PACKING pc=0x000001bfce8713a4 sp=0x00000050434ff110
Event: 244.283 Thread 0x000001bfd7262d50 DEOPT PACKING pc=0x000001bfce8713a4 sp=0x00000050454fef80
Event: 244.283 Thread 0x000001bfdce0f4c0 DEOPT UNPACKING pc=0x000001bfcdf97143 sp=0x00000050434fe5f8 mode 0
Event: 244.283 Thread 0x000001bfd7262d50 DEOPT UNPACKING pc=0x000001bfcdf97143 sp=0x00000050454fe468 mode 0
Event: 244.295 Thread 0x000001bfd7267430 DEOPT PACKING pc=0x000001bfce8713a4 sp=0x00000050478ff350
Event: 244.295 Thread 0x000001bfd7266f20 DEOPT PACKING pc=0x000001bfce8713a4 sp=0x0000005044afed50
Event: 244.295 Thread 0x000001bfd7267430 DEOPT UNPACKING pc=0x000001bfcdf97143 sp=0x00000050478fe838 mode 0
Event: 244.295 Thread 0x000001bfd7266f20 DEOPT UNPACKING pc=0x000001bfcdf97143 sp=0x0000005044afe238 mode 0
Event: 570.734 Thread 0x000001bfdce10e10 DEOPT PACKING pc=0x000001bfcea5700c sp=0x00000050468fe2a0
Event: 570.734 Thread 0x000001bfdce10e10 DEOPT UNPACKING pc=0x000001bfcdf97143 sp=0x00000050468fd820 mode 0
Event: 570.734 Thread 0x000001bfdce10e10 DEOPT PACKING pc=0x000001bfcea5700c sp=0x00000050468fe500
Event: 570.734 Thread 0x000001bfdce10e10 DEOPT UNPACKING pc=0x000001bfcdf97143 sp=0x00000050468fda80 mode 0
Event: 570.734 Thread 0x000001bfdce10e10 DEOPT PACKING pc=0x000001bfcea5700c sp=0x00000050468fe980
Event: 570.734 Thread 0x000001bfdce10e10 DEOPT UNPACKING pc=0x000001bfcdf97143 sp=0x00000050468fdf00 mode 0
Event: 3227.537 Thread 0x000001bfd7266a10 DEOPT PACKING pc=0x000001bfcedc384c sp=0x0000005046dfd850
Event: 3227.537 Thread 0x000001bfd7266a10 DEOPT UNPACKING pc=0x000001bfcdf97143 sp=0x0000005046dfcd10 mode 0
Event: 4340.043 Thread 0x000001bfddb0f210 DEOPT PACKING pc=0x000001bfceb9f826 sp=0x00000050435fe2d0
Event: 4340.043 Thread 0x000001bfddb0f210 DEOPT UNPACKING pc=0x000001bfcdf97143 sp=0x00000050435fd858 mode 0

Classes unloaded (20 events):
Event: 11375.317 Thread 0x000001bfd706f550 Unloading class 0x00000001007c4c00 'jdk/internal/reflect/GeneratedMethodAccessor70'
Event: 11375.317 Thread 0x000001bfd706f550 Unloading class 0x00000001007c4800 'jdk/internal/reflect/GeneratedConstructorAccessor86'
Event: 11375.317 Thread 0x000001bfd706f550 Unloading class 0x0000000100762400 'jdk/internal/reflect/GeneratedMethodAccessor69'
Event: 11375.317 Thread 0x000001bfd706f550 Unloading class 0x0000000100772000 'jdk/internal/reflect/GeneratedMethodAccessor68'
Event: 11375.317 Thread 0x000001bfd706f550 Unloading class 0x00000001007ae800 'jdk/internal/reflect/GeneratedMethodAccessor67'
Event: 11636.825 Thread 0x000001bfd706f550 Unloading class 0x0000000100762400 'jdk/internal/reflect/GeneratedConstructorAccessor90'
Event: 11997.822 Thread 0x000001bfd706f550 Unloading class 0x00000001007c7400 'jdk/internal/reflect/GeneratedMethodAccessor77'
Event: 11997.822 Thread 0x000001bfd706f550 Unloading class 0x00000001007c7000 'jdk/internal/reflect/GeneratedConstructorAccessor92'
Event: 11997.822 Thread 0x000001bfd706f550 Unloading class 0x00000001007ae400 'jdk/internal/reflect/GeneratedMethodAccessor76'
Event: 11997.822 Thread 0x000001bfd706f550 Unloading class 0x00000001007ae000 'jdk/internal/reflect/GeneratedConstructorAccessor91'
Event: 11997.822 Thread 0x000001bfd706f550 Unloading class 0x00000001007ae800 'jdk/internal/reflect/GeneratedMethodAccessor75'
Event: 11997.822 Thread 0x000001bfd706f550 Unloading class 0x0000000100772000 'jdk/internal/reflect/GeneratedMethodAccessor74'
Event: 11997.822 Thread 0x000001bfd706f550 Unloading class 0x0000000100762400 'jdk/internal/reflect/GeneratedMethodAccessor73'
Event: 12198.597 Thread 0x000001bfd706f550 Unloading class 0x00000001007c5800 'jdk/internal/reflect/GeneratedMethodAccessor83'
Event: 12198.597 Thread 0x000001bfd706f550 Unloading class 0x00000001007c6400 'jdk/internal/reflect/GeneratedConstructorAccessor96'
Event: 12198.597 Thread 0x000001bfd706f550 Unloading class 0x00000001007c6000 'jdk/internal/reflect/GeneratedMethodAccessor82'
Event: 12198.597 Thread 0x000001bfd706f550 Unloading class 0x00000001007ae400 'jdk/internal/reflect/GeneratedConstructorAccessor95'
Event: 12198.597 Thread 0x000001bfd706f550 Unloading class 0x00000001007ae000 'jdk/internal/reflect/GeneratedMethodAccessor81'
Event: 12198.597 Thread 0x000001bfd706f550 Unloading class 0x00000001007c7400 'jdk/internal/reflect/GeneratedMethodAccessor80'
Event: 12198.597 Thread 0x000001bfd706f550 Unloading class 0x00000001007c7000 'jdk/internal/reflect/GeneratedMethodAccessor79'

Classes redefined (0 events):
No events

Internal exceptions (20 events):
Event: 12122.575 Thread 0x000001bfdce10e10 Exception <a 'sun/nio/fs/WindowsException'{0x00000000cd6cbfa8}> (0x00000000cd6cbfa8) 
thrown [s\src\hotspot\share\prims\jni.cpp, line 516]
Event: 12122.575 Thread 0x000001bfdce10e10 Exception <a 'sun/nio/fs/WindowsException'{0x00000000cd6ccb68}> (0x00000000cd6ccb68) 
thrown [s\src\hotspot\share\prims\jni.cpp, line 516]
Event: 12122.575 Thread 0x000001bfdce10e10 Exception <a 'sun/nio/fs/WindowsException'{0x00000000cd6cdd48}> (0x00000000cd6cdd48) 
thrown [s\src\hotspot\share\prims\jni.cpp, line 516]
Event: 12122.575 Thread 0x000001bfdce10e10 Exception <a 'sun/nio/fs/WindowsException'{0x00000000cd6ce7d0}> (0x00000000cd6ce7d0) 
thrown [s\src\hotspot\share\prims\jni.cpp, line 516]
Event: 12122.575 Thread 0x000001bfdce10e10 Exception <a 'sun/nio/fs/WindowsException'{0x00000000cd6cf210}> (0x00000000cd6cf210) 
thrown [s\src\hotspot\share\prims\jni.cpp, line 516]
Event: 12122.575 Thread 0x000001bfdce10e10 Exception <a 'sun/nio/fs/WindowsException'{0x00000000cd6cfc98}> (0x00000000cd6cfc98) 
thrown [s\src\hotspot\share\prims\jni.cpp, line 516]
Event: 12122.575 Thread 0x000001bfdce10e10 Exception <a 'sun/nio/fs/WindowsException'{0x00000000cd6d07f0}> (0x00000000cd6d07f0) 
thrown [s\src\hotspot\share\prims\jni.cpp, line 516]
Event: 12122.575 Thread 0x000001bfdce10e10 Exception <a 'sun/nio/fs/WindowsException'{0x00000000cd6d13b0}> (0x00000000cd6d13b0) 
thrown [s\src\hotspot\share\prims\jni.cpp, line 516]
Event: 12367.721 Thread 0x000001bfdce10e10 Exception <a 'sun/nio/fs/WindowsException'{0x00000000c47f9660}> (0x00000000c47f9660) 
thrown [s\src\hotspot\share\prims\jni.cpp, line 516]
Event: 12367.721 Thread 0x000001bfdce10e10 Exception <a 'sun/nio/fs/WindowsException'{0x00000000c47fa0e8}> (0x00000000c47fa0e8) 
thrown [s\src\hotspot\share\prims\jni.cpp, line 516]
Event: 12367.721 Thread 0x000001bfdce10e10 Exception <a 'sun/nio/fs/WindowsException'{0x00000000c47fab28}> (0x00000000c47fab28) 
thrown [s\src\hotspot\share\prims\jni.cpp, line 516]
Event: 12367.721 Thread 0x000001bfdce10e10 Exception <a 'sun/nio/fs/WindowsException'{0x00000000c47fb5b0}> (0x00000000c47fb5b0) 
thrown [s\src\hotspot\share\prims\jni.cpp, line 516]
Event: 12367.721 Thread 0x000001bfdce10e10 Exception <a 'sun/nio/fs/WindowsException'{0x00000000c47fc108}> (0x00000000c47fc108) 
thrown [s\src\hotspot\share\prims\jni.cpp, line 516]
Event: 12367.721 Thread 0x000001bfdce10e10 Exception <a 'sun/nio/fs/WindowsException'{0x00000000c47fccc8}> (0x00000000c47fccc8) 
thrown [s\src\hotspot\share\prims\jni.cpp, line 516]
Event: 12367.721 Thread 0x000001bfdce10e10 Exception <a 'sun/nio/fs/WindowsException'{0x00000000c47fe270}> (0x00000000c47fe270) 
thrown [s\src\hotspot\share\prims\jni.cpp, line 516]
Event: 12367.721 Thread 0x000001bfdce10e10 Exception <a 'sun/nio/fs/WindowsException'{0x00000000c47fecf8}> (0x00000000c47fecf8) 
thrown [s\src\hotspot\share\prims\jni.cpp, line 516]
Event: 12367.721 Thread 0x000001bfdce10e10 Exception <a 'sun/nio/fs/WindowsException'{0x00000000c47ff738}> (0x00000000c47ff738) 
thrown [s\src\hotspot\share\prims\jni.cpp, line 516]
Event: 12367.721 Thread 0x000001bfdce10e10 Exception <a 'sun/nio/fs/WindowsException'{0x00000000c4600240}> (0x00000000c4600240) 
thrown [s\src\hotspot\share\prims\jni.cpp, line 516]
Event: 12367.721 Thread 0x000001bfdce10e10 Exception <a 'sun/nio/fs/WindowsException'{0x00000000c4600dc8}> (0x00000000c4600dc8) 
thrown [s\src\hotspot\share\prims\jni.cpp, line 516]
Event: 12367.721 Thread 0x000001bfdce10e10 Exception <a 'sun/nio/fs/WindowsException'{0x00000000c4601988}> (0x00000000c4601988) 
thrown [s\src\hotspot\share\prims\jni.cpp, line 516]

VM Operations (20 events):
Event: 12218.965 Executing VM operation: G1CollectFull done
Event: 12229.087 Executing VM operation: G1CollectFull
Event: 12229.123 Executing VM operation: G1CollectFull done
Event: 12239.232 Executing VM operation: G1CollectFull
Event: 12239.269 Executing VM operation: G1CollectFull done
Event: 12249.364 Executing VM operation: G1CollectFull
Event: 12249.401 Executing VM operation: G1CollectFull done
Event: 12259.520 Executing VM operation: G1CollectFull
Event: 12259.552 Executing VM operation: G1CollectFull done
Event: 12284.713 Executing VM operation: Cleanup
Event: 12284.713 Executing VM operation: Cleanup done
Event: 12349.692 Executing VM operation: G1CollectFull
Event: 12349.724 Executing VM operation: G1CollectFull done
Event: 12359.807 Executing VM operation: G1CollectFull
Event: 12359.840 Executing VM operation: G1CollectFull done
Event: 12367.875 Executing VM operation: Cleanup
Event: 12367.875 Executing VM operation: Cleanup done
Event: 12390.951 Executing VM operation: G1CollectForAllocation
Event: 12390.953 Executing VM operation: G1CollectForAllocation done
Event: 12430.001 Executing VM operation: G1CollectFull

Events (20 events):
Event: 12141.783 Thread 0x000001bfde1707a0 Thread exited: 0x000001bfde1707a0
Event: 12180.356 Thread 0x000001bfde1711c0 Thread exited: 0x000001bfde1711c0
Event: 12183.059 Thread 0x000001bfde1720f0 Thread exited: 0x000001bfde1720f0
Event: 12183.541 Thread 0x000001bfde172b10 Thread exited: 0x000001bfde172b10
Event: 12184.128 Thread 0x000001bfde171be0 Thread exited: 0x000001bfde171be0
Event: 12195.038 Thread 0x000001bfde173530 Thread exited: 0x000001bfde173530
Event: 12244.142 Thread 0x000001bfde172600 Thread exited: 0x000001bfde172600
Event: 12269.255 Thread 0x000001bfddb10140 Thread added: 0x000001bfddb10140
Event: 12281.300 Thread 0x000001bfddb10650 Thread added: 0x000001bfddb10650
Event: 12287.965 Thread 0x000001bfddb11fa0 Thread added: 0x000001bfddb11fa0
Event: 12346.170 Thread 0x000001bfddb10140 Thread exited: 0x000001bfddb10140
Event: 12347.980 Thread 0x000001bfddb11fa0 Thread exited: 0x000001bfddb11fa0
Event: 12350.428 Thread 0x000001bfddb0c990 Thread exited: 0x000001bfddb0c990
Event: 12367.453 Thread 0x000001bfddb11fa0 Thread added: 0x000001bfddb11fa0
Event: 12368.172 Thread 0x000001bfddb0c990 Thread added: 0x000001bfddb0c990
Event: 12368.172 Thread 0x000001bfddb133e0 Thread added: 0x000001bfddb133e0
Event: 12381.779 Thread 0x000001bfddb133e0 Thread exited: 0x000001bfddb133e0
Event: 12428.220 Thread 0x000001bfddb0c990 Thread exited: 0x000001bfddb0c990
Event: 12428.683 Thread 0x000001bfddb11fa0 Thread exited: 0x000001bfddb11fa0
Event: 12429.307 Thread 0x000001bfdce103f0 Thread exited: 0x000001bfdce103f0


Dynamic libraries:
0x00007ff714b60000 - 0x00007ff714b6e000 	c:\Users\saher\.vscode\extensions\redhat.java-1.32.0-win32-x64\jre\17.0.11-win32-x86_64\bin\java.exe
0x00007ffd2bbb0000 - 0x00007ffd2bdc7000 	C:\Windows\SYSTEM32\ntdll.dll
0x00007ffd2a210000 - 0x00007ffd2a2d4000 	C:\Windows\System32\KERNEL32.DLL
0x00007ffd293a0000 - 0x00007ffd2974d000 	C:\Windows\System32\KERNELBASE.dll
0x00007ffd29280000 - 0x00007ffd29391000 	C:\Windows\System32\ucrtbase.dll
0x00007ffd17dc0000 - 0x00007ffd17ddb000 	c:\Users\saher\.vscode\extensions\redhat.java-1.32.0-win32-x64\jre\17.0.11-win32-x86_64\bin\VCRUNTIME140.dll
0x00007ffd17eb0000 - 0x00007ffd17ec7000 	c:\Users\saher\.vscode\extensions\redhat.java-1.32.0-win32-x64\jre\17.0.11-win32-x86_64\bin\jli.dll
0x00007ffd298f0000 - 0x00007ffd29a9e000 	C:\Windows\System32\USER32.dll
0x00007ffd0e9f0000 - 0x00007ffd0ec83000 	C:\Windows\WinSxS\amd64_microsoft.windows.common-controls_6595b64144ccf1df_6.0.22621.3672_none_2713b9d173822955\COMCTL32.dll
0x00007ffd28ee0000 - 0x00007ffd28f06000 	C:\Windows\System32\win32u.dll
0x00007ffd29aa0000 - 0x00007ffd29b47000 	C:\Windows\System32\msvcrt.dll
0x00007ffd2bb30000 - 0x00007ffd2bb59000 	C:\Windows\System32\GDI32.dll
0x00007ffd28fd0000 - 0x00007ffd290e9000 	C:\Windows\System32\gdi32full.dll
0x00007ffd29160000 - 0x00007ffd291fa000 	C:\Windows\System32\msvcp_win.dll
0x00007ffd2ac00000 - 0x00007ffd2ac31000 	C:\Windows\System32\IMM32.DLL
0x00007ffd258e0000 - 0x00007ffd258ec000 	c:\Users\saher\.vscode\extensions\redhat.java-1.32.0-win32-x64\jre\17.0.11-win32-x86_64\bin\vcruntime140_1.dll
0x00007ffcef640000 - 0x00007ffcef6cd000 	c:\Users\saher\.vscode\extensions\redhat.java-1.32.0-win32-x64\jre\17.0.11-win32-x86_64\bin\msvcp140.dll
0x00007ffccbd90000 - 0x00007ffccc9f2000 	c:\Users\saher\.vscode\extensions\redhat.java-1.32.0-win32-x64\jre\17.0.11-win32-x86_64\bin\server\jvm.dll
0x00007ffd29d60000 - 0x00007ffd29e12000 	C:\Windows\System32\ADVAPI32.dll
0x00007ffd2ba10000 - 0x00007ffd2bab9000 	C:\Windows\System32\sechost.dll
0x00007ffd29750000 - 0x00007ffd29778000 	C:\Windows\System32\bcrypt.dll
0x00007ffd2a930000 - 0x00007ffd2aa44000 	C:\Windows\System32\RPCRT4.dll
0x00007ffd24ee0000 - 0x00007ffd24ee9000 	C:\Windows\SYSTEM32\WSOCK32.dll
0x00007ffd21860000 - 0x00007ffd21894000 	C:\Windows\SYSTEM32\WINMM.dll
0x00007ffd2a090000 - 0x00007ffd2a101000 	C:\Windows\System32\WS2_32.dll
0x00007ffd27d50000 - 0x00007ffd27d9d000 	C:\Windows\SYSTEM32\POWRPROF.dll
0x00007ffd21310000 - 0x00007ffd2131a000 	C:\Windows\SYSTEM32\VERSION.dll
0x00007ffd27d20000 - 0x00007ffd27d33000 	C:\Windows\SYSTEM32\UMPDC.dll
0x00007ffd27fe0000 - 0x00007ffd27ff8000 	C:\Windows\SYSTEM32\kernel.appcore.dll
0x00007ffd18880000 - 0x00007ffd1888a000 	c:\Users\saher\.vscode\extensions\redhat.java-1.32.0-win32-x64\jre\17.0.11-win32-x86_64\bin\jimage.dll
0x00007ffd261c0000 - 0x00007ffd263f2000 	C:\Windows\SYSTEM32\DBGHELP.DLL
0x00007ffd2ac40000 - 0x00007ffd2afc8000 	C:\Windows\System32\combase.dll
0x00007ffd29b60000 - 0x00007ffd29c37000 	C:\Windows\System32\OLEAUT32.dll
0x00007ffd1e7b0000 - 0x00007ffd1e7e2000 	C:\Windows\SYSTEM32\dbgcore.DLL
0x00007ffd29200000 - 0x00007ffd2927b000 	C:\Windows\System32\bcryptPrimitives.dll
0x00007ffd11400000 - 0x00007ffd11425000 	c:\Users\saher\.vscode\extensions\redhat.java-1.32.0-win32-x64\jre\17.0.11-win32-x86_64\bin\java.dll
0x00007ffd17a60000 - 0x00007ffd17a78000 	c:\Users\saher\.vscode\extensions\redhat.java-1.32.0-win32-x64\jre\17.0.11-win32-x86_64\bin\zip.dll
0x00007ffd2b190000 - 0x00007ffd2b9ef000 	C:\Windows\System32\SHELL32.dll
0x00007ffd26df0000 - 0x00007ffd276ec000 	C:\Windows\SYSTEM32\windows.storage.dll
0x00007ffd26cb0000 - 0x00007ffd26def000 	C:\Windows\SYSTEM32\wintypes.dll
0x00007ffd2a110000 - 0x00007ffd2a204000 	C:\Windows\System32\SHCORE.dll
0x00007ffd2bac0000 - 0x00007ffd2bb1e000 	C:\Windows\System32\shlwapi.dll
0x00007ffd28e10000 - 0x00007ffd28e31000 	C:\Windows\SYSTEM32\profapi.dll
0x00007ffd175b0000 - 0x00007ffd175c9000 	C:\Users\saher\.vscode\extensions\redhat.java-1.32.0-win32-x64\jre\17.0.11-win32-x86_64\bin\net.dll
0x00007ffd253f0000 - 0x00007ffd25526000 	C:\Windows\SYSTEM32\WINHTTP.dll
0x00007ffd28470000 - 0x00007ffd284d9000 	C:\Windows\system32\mswsock.dll
0x00007ffd125a0000 - 0x00007ffd125b6000 	C:\Users\saher\.vscode\extensions\redhat.java-1.32.0-win32-x64\jre\17.0.11-win32-x86_64\bin\nio.dll
0x00007ffd17b60000 - 0x00007ffd17b70000 	c:\Users\saher\.vscode\extensions\redhat.java-1.32.0-win32-x64\jre\17.0.11-win32-x86_64\bin\verify.dll
0x00007ffd286d0000 - 0x00007ffd286eb000 	C:\Windows\SYSTEM32\CRYPTSP.dll
0x00007ffd27f40000 - 0x00007ffd27f75000 	C:\Windows\system32\rsaenh.dll
0x00007ffd28570000 - 0x00007ffd28598000 	C:\Windows\SYSTEM32\USERENV.dll
0x00007ffd286f0000 - 0x00007ffd286fc000 	C:\Windows\SYSTEM32\CRYPTBASE.dll
0x00007ffd279c0000 - 0x00007ffd279ed000 	C:\Windows\SYSTEM32\IPHLPAPI.DLL
0x00007ffd2a2e0000 - 0x00007ffd2a2e9000 	C:\Windows\System32\NSI.dll
0x00007ffd25290000 - 0x00007ffd252a9000 	C:\Windows\SYSTEM32\dhcpcsvc6.DLL
0x00007ffd25270000 - 0x00007ffd2528f000 	C:\Windows\SYSTEM32\dhcpcsvc.DLL
0x00007ffd279f0000 - 0x00007ffd27ae8000 	C:\Windows\SYSTEM32\DNSAPI.dll
0x00007ffd17a30000 - 0x00007ffd17a39000 	C:\Users\saher\.vscode\extensions\redhat.java-1.32.0-win32-x64\jre\17.0.11-win32-x86_64\bin\management.dll
0x00007ffd17700000 - 0x00007ffd1770b000 	C:\Users\saher\.vscode\extensions\redhat.java-1.32.0-win32-x64\jre\17.0.11-win32-x86_64\bin\management_ext.dll
0x00007ffd29b50000 - 0x00007ffd29b58000 	C:\Windows\System32\PSAPI.DLL
0x00007ffd176c0000 - 0x00007ffd176ce000 	C:\Users\saher\.vscode\extensions\redhat.java-1.32.0-win32-x64\jre\17.0.11-win32-x86_64\bin\sunmscapi.dll
0x00007ffd29780000 - 0x00007ffd298e7000 	C:\Windows\System32\CRYPT32.dll
0x00007ffd28890000 - 0x00007ffd288be000 	C:\Windows\SYSTEM32\ncrypt.dll
0x00007ffd28850000 - 0x00007ffd28887000 	C:\Windows\SYSTEM32\NTASN1.dll
0x00007ffd245e0000 - 0x00007ffd245ea000 	C:\Windows\System32\rasadhlp.dll
0x00007ffd246a0000 - 0x00007ffd24723000 	C:\Windows\System32\fwpuclnt.dll
0x00007ffd175f0000 - 0x00007ffd175f9000 	C:\Users\saher\.vscode\extensions\redhat.java-1.32.0-win32-x64\jre\17.0.11-win32-x86_64\bin\extnet.dll

dbghelp: loaded successfully - version: 4.0.5 - missing functions: none
symbol engine: initialized successfully - sym options: 0x614 - pdb path: .;c:\Users\saher\.vscode\extensions\redhat.java-1.32.0-win32-x64\jre\17.0.11-win32-x86_64\bin;C:\Windows\SYSTEM32;C:\Windows\WinSxS\amd64_microsoft.windows.common-controls_6595b64144ccf1df_6.0.22621.3672_none_2713b9d173822955;c:\Users\saher\.vscode\extensions\redhat.java-1.32.0-win32-x64\jre\17.0.11-win32-x86_64\bin\server

VM Arguments:
jvm_args: -Xmx1024m -Dsts.lsp.client=vscode -Dsts.log.file=/dev/null -XX:TieredStopAtLevel=1 -Xlog:jni+resolve=off -Dspring.config.location=file:c:\Users\saher\.vscode\extensions\vmware.vscode-spring-boot-1.55.1\language-server\BOOT-INF\classes\application.properties 
java_command: org.springframework.ide.vscode.boot.app.BootLanguageServerBootApp
java_class_path (initial): c:\Users\saher\.vscode\extensions\vmware.vscode-spring-boot-1.55.1\language-server\BOOT-INF\classes;c:\Users\saher\.vscode\extensions\vmware.vscode-spring-boot-1.55.1\language-server\BOOT-INF\lib\annotations-24.1.0.jar;c:\Users\saher\.vscode\extensions\vmware.vscode-spring-boot-1.55.1\language-server\BOOT-INF\lib\antlr4-runtime-4.13.1.jar;c:\Users\saher\.vscode\extensions\vmware.vscode-spring-boot-1.55.1\language-server\BOOT-INF\lib\asm-9.7.jar;c:\Users\saher\.vscode\extensions\vmware.vscode-spring-boot-1.55.1\language-server\BOOT-INF\lib\asm-analysis-9.7.jar;c:\Users\saher\.vscode\extensions\vmware.vscode-spring-boot-1.55.1\language-server\BOOT-INF\lib\asm-tree-9.7.jar;c:\Users\saher\.vscode\extensions\vmware.vscode-spring-boot-1.55.1\language-server\BOOT-INF\lib\asm-util-9.7.jar;c:\Users\saher\.vscode\extensions\vmware.vscode-spring-boot-1.55.1\language-server\BOOT-INF\lib\caffeine-3.1.8.jar;c:\Users\saher\.vscode\extensions\vmware.vscode-spring-boot-1.55.1\language-server\BOOT-INF\lib\checker-qual-3.12.0.jar;c:\Users\saher\.vscode\extensions\vmware.vscode-spring-boot-1.55.1\language-server\BOOT-INF\lib\classgraph-4.8.149.jar;c:\Users\saher\.vscode\extensions\vmware.vscode-spring-boot-1.55.1\language-server\BOOT-INF\lib\commons-codec-1.16.1.jar;c:\Users\saher\.vscode\extensions\vmware.vscode-spring-boot-1.55.1\language-server\BOOT-INF\lib\commons-compress-1.26.1.jar;c:\Users\saher\.vscode\extensions\vmware.vscode-spring-boot-1.55.1\language-server\BOOT-INF\lib\commons-io-2.16.1.jar;c:\Users\saher\.vscode\extensions\vmware.vscode-spring-boot-1.55.1\language-server\BOOT-INF\lib\commons-java-1.55.1-SNAPSHOT.jar;c:\Users\saher\.vscode\extensions\vmware.vscode-spring-boot-1.55.1\language-server\BOOT-INF\lib\commons-lang3-3.14.0.jar;c:\Users\saher\.vscode\extensions\vmware.vscode-spring-boot-1.55.1\language-server\BOOT-INF\lib\commons-language-server-1.55.1-SNAPSHOT.jar;c:\Users\saher\.vscode\extensions\vmware.vscode-spring-boot-1.55.1\langu
Launcher Type: SUN_STANDARD

[Global flags]
     intx CICompilerCount                          = 12                                        {product} {ergonomic}
     uint ConcGCThreads                            = 4                                         {product} {ergonomic}
     uint G1ConcRefinementThreads                  = 15                                        {product} {ergonomic}
   size_t G1HeapRegionSize                         = 1048576                                   {product} {ergonomic}
    uintx GCDrainStackTargetSize                   = 64                                        {product} {ergonomic}
   size_t InitialHeapSize                          = 264241152                                 {product} {ergonomic}
   size_t MarkStackSize                            = 4194304                                   {product} {ergonomic}
   size_t MaxHeapSize                              = 1073741824                                {product} {command line}
   size_t MaxNewSize                               = 643825664                                 {product} {ergonomic}
   size_t MinHeapDeltaBytes                        = 1048576                                   {product} {ergonomic}
   size_t MinHeapSize                              = 8388608                                   {product} {ergonomic}
    uintx NonProfiledCodeHeapSize                  = 0                                      {pd product} {ergonomic}
     bool ProfileInterpreter                       = false                                  {pd product} {command line}
    uintx ProfiledCodeHeapSize                     = 0                                      {pd product} {ergonomic}
   size_t SoftMaxHeapSize                          = 1073741824                             {manageable} {ergonomic}
     intx TieredStopAtLevel                        = 1                                         {product} {command line}
     bool UseCompressedClassPointers               = true                           {product lp64_product} {ergonomic}
     bool UseCompressedOops                        = true                           {product lp64_product} {ergonomic}
     bool UseG1GC                                  = true                                      {product} {ergonomic}
     bool UseLargePagesIndividualAllocation        = false                                  {pd product} {ergonomic}

Logging:
Log output configuration:
 #0: stdout all=warning,jni+resolve=off uptime,level,tags
 #1: stderr all=off uptime,level,tags

Environment Variables:
JAVA_HOME=C:\Program Files\Java\jdk-22\
PATH=C:\Program Files\Common Files\Oracle\Java\javapath;C:\Windows\system32;C:\Windows;C:\Windows\System32\Wbem;C:\Windows\System32\WindowsPowerShell\v1.0\;C:\Windows\System32\OpenSSH\;C:\Program Files (x86)\NVIDIA Corporation\PhysX\Common;C:\Program Files\NVIDIA Corporation\NVIDIA NvDLISR;C:\xampp\php;C:\Program Files\nodejs\;C:\Users\saher\AppData\Local\Programs\Python\Launcher\;C:\Users\saher\AppData\Local\Microsoft\WindowsApps;C:\Users\saher\AppData\Local\Programs\Microsoft VS Code\bin;C:\Users\saher\AppData\Local\GitHubDesktop\bin;C:\Users\saher\AppData\Roaming\Composer\vendor\bin;C:\xampp;C:\Program Files\Java\jdk-22\;C:\Users\saher\AppData\Roaming\npm;
USERNAME=saher
OS=Windows_NT
PROCESSOR_IDENTIFIER=Intel64 Family 6 Model 154 Stepping 3, GenuineIntel
TMP=C:\Users\saher\AppData\Local\Temp
TEMP=C:\Users\saher\AppData\Local\Temp



Periodic native trim disabled


---------------  S Y S T E M  ---------------

OS:
 Windows 11 , 64 bit Build 22621 (10.0.22621.3672)
OS uptime: 3 days 5:43 hours
Hyper-V role detected

CPU: total 20 (initial active 20) (10 cores per cpu, 2 threads per core) family 6 model 154 stepping 3 microcode 0x41c, cx8, cmov, fxsr, ht, mmx, 3dnowpref, sse, sse2, sse3, ssse3, sse4.1, sse4.2, popcnt, lzcnt, tsc, tscinvbit, avx, avx2, aes, erms, clmul, bmi1, bmi2, adx, sha, fma, vzeroupper, clflush, clflushopt, clwb, hv
Processor Information for processor 0
  Max Mhz: 2300, Current Mhz: 2300, Mhz Limit: 2300
Processor Information for processor 1
  Max Mhz: 2300, Current Mhz: 2300, Mhz Limit: 2300
Processor Information for processor 2
  Max Mhz: 2300, Current Mhz: 2300, Mhz Limit: 2300
Processor Information for processor 3
  Max Mhz: 2300, Current Mhz: 2300, Mhz Limit: 2300
Processor Information for processor 4
  Max Mhz: 2300, Current Mhz: 2300, Mhz Limit: 2300
Processor Information for processor 5
  Max Mhz: 2300, Current Mhz: 2300, Mhz Limit: 2300
Processor Information for processor 6
  Max Mhz: 2300, Current Mhz: 2300, Mhz Limit: 2300
Processor Information for processor 7
  Max Mhz: 2300, Current Mhz: 2300, Mhz Limit: 2300
Processor Information for processor 8
  Max Mhz: 2300, Current Mhz: 2300, Mhz Limit: 2300
Processor Information for processor 9
  Max Mhz: 2300, Current Mhz: 2300, Mhz Limit: 2300
Processor Information for processor 10
  Max Mhz: 2300, Current Mhz: 2300, Mhz Limit: 2300
Processor Information for processor 11
  Max Mhz: 2300, Current Mhz: 2300, Mhz Limit: 2300
Processor Information for processor 12
  Max Mhz: 2300, Current Mhz: 1700, Mhz Limit: 1679
Processor Information for processor 13
  Max Mhz: 2300, Current Mhz: 1700, Mhz Limit: 1679
Processor Information for processor 14
  Max Mhz: 2300, Current Mhz: 1700, Mhz Limit: 1679
Processor Information for processor 15
  Max Mhz: 2300, Current Mhz: 1700, Mhz Limit: 1679
Processor Information for processor 16
  Max Mhz: 2300, Current Mhz: 1700, Mhz Limit: 1679
Processor Information for processor 17
  Max Mhz: 2300, Current Mhz: 1700, Mhz Limit: 1679
Processor Information for processor 18
  Max Mhz: 2300, Current Mhz: 1700, Mhz Limit: 1679
Processor Information for processor 19
  Max Mhz: 2300, Current Mhz: 1700, Mhz Limit: 1679

Memory: 4k page, system-wide physical 16004M (3312M free)
TotalPageFile size 18052M (AvailPageFile size 10M)
current process WorkingSet (physical memory assigned to process): 226M, peak: 241M
current process commit charge ("private bytes"): 303M, peak: 381M

vm_info: OpenJDK 64-Bit Server VM (17.0.11+9) for windows-amd64 JRE (17.0.11+9), built on Apr 17 2024 06:07:48 by "admin" with MS VC++ 16.10 / 16.11 (VS2019)

END.
